<?xml version="1.0" encoding="UTF-8"?>
<!-- Generated by org.testng.reporters.JUnitReportReporter -->
<testsuite skipped="0" hostname="GFL-2171" name="dropdown.DropdownTests" tests="1" failures="0" timestamp="2022-09-19T15:05:59 EEST" time="0.557" errors="0">
  <testcase name="testSelectOption" time="0.557" classname="dropdown.DropdownTests"/>
  <system-out/>
</testsuite> <!-- dropdown.DropdownTests -->
