<?xml version="1.0" encoding="UTF-8"?>
<!-- Generated by org.testng.reporters.JUnitReportReporter -->
<testsuite skipped="0" hostname="GFL-2171" name="login.LoginTests" tests="1" failures="0" timestamp="2022-09-19T15:05:59 EEST" time="1.386" errors="0">
  <testcase name="testSuccessfulLogin" time="1.386" classname="login.LoginTests"/>
  <system-out/>
</testsuite> <!-- login.LoginTests -->
